0 info it worked if it ends with ok
1 verbose cli [ '/usr/bin/node', '/usr/bin/npm', 'i', '-', 'g', 'mocha' ]
2 info using npm@3.5.2
3 info using node@v8.10.0
4 silly loadCurrentTree Starting
5 silly install loadCurrentTree
6 silly install readLocalPackageData
7 silly fetchPackageMetaData -
8 silly fetchPackageMetaData g
9 silly fetchPackageMetaData mocha
10 silly fetchOtherPackageData -
11 silly cache add args [ '-', null ]
12 verbose cache add spec -
13 silly fetchNamedPackageData g
14 silly mapToRegistry name g
15 silly mapToRegistry using default registry
16 silly mapToRegistry registry https://registry.npmjs.org/
17 silly mapToRegistry uri https://registry.npmjs.org/g
18 silly fetchNamedPackageData mocha
19 silly mapToRegistry name mocha
20 silly mapToRegistry using default registry
21 silly mapToRegistry registry https://registry.npmjs.org/
22 silly mapToRegistry uri https://registry.npmjs.org/mocha
23 silly cache add parsed spec Result {
23 silly cache add   raw: '-',
23 silly cache add   scope: null,
23 silly cache add   name: null,
23 silly cache add   rawSpec: '-',
23 silly cache add   spec: '/home/naere/Área de Trabalho/lab/SAP004-data-lovers/src/-',
23 silly cache add   type: 'local' }
24 error addLocal Could not install /home/naere/Área de Trabalho/lab/SAP004-data-lovers/src/-
25 silly fetchPackageMetaData Error: ENOENT: no such file or directory, open '/home/naere/Área de Trabalho/lab/SAP004-data-lovers/src/-'
25 silly fetchPackageMetaData  error for - { Error: ENOENT: no such file or directory, open '/home/naere/Área de Trabalho/lab/SAP004-data-lovers/src/-'
25 silly fetchPackageMetaData   errno: -2,
25 silly fetchPackageMetaData   code: 'ENOENT',
25 silly fetchPackageMetaData   syscall: 'open',
25 silly fetchPackageMetaData   path: '/home/naere/Área de Trabalho/lab/SAP004-data-lovers/src/-' }
26 verbose request uri https://registry.npmjs.org/mocha
27 verbose request no auth needed
28 info attempt registry request try #1 at 23:24:21
29 verbose request id 4cd235d0536348aa
30 http request GET https://registry.npmjs.org/mocha
31 verbose request uri https://registry.npmjs.org/g
32 verbose request no auth needed
33 info attempt registry request try #1 at 23:24:21
34 http request GET https://registry.npmjs.org/g
35 http 200 https://registry.npmjs.org/g
36 verbose headers { date: 'Fri, 08 May 2020 02:24:21 GMT',
36 verbose headers   'content-type': 'application/json; charset=UTF-8',
36 verbose headers   'transfer-encoding': 'chunked',
36 verbose headers   connection: 'keep-alive',
36 verbose headers   'set-cookie':
36 verbose headers    [ '__cfduid=d4ef8959a4780e7ab4fdf427df4171a791588904661; expires=Sun, 07-Jun-20 02:24:21 GMT; path=/; domain=.npmjs.org; HttpOnly; SameSite=Lax' ],
36 verbose headers   'cf-ray': '58ffb9584a4bf734-GRU',
36 verbose headers   age: '1936',
36 verbose headers   'cache-control': 'public, max-age=300',
36 verbose headers   etag: 'W/"6fd740ecd769ffa78b614cc855e971a5"',
36 verbose headers   'last-modified': 'Sun, 27 May 2018 01:25:48 GMT',
36 verbose headers   vary: 'accept-encoding, accept',
36 verbose headers   'cf-cache-status': 'HIT',
36 verbose headers   'expect-ct': 'max-age=604800, report-uri="https://report-uri.cloudflare.com/cdn-cgi/beacon/expect-ct"',
36 verbose headers   server: 'cloudflare',
36 verbose headers   'content-encoding': 'gzip',
36 verbose headers   'cf-request-id': '0293b22b2e0000f734b0ad4200000001' }
37 silly get cb [ 200,
37 silly get   { date: 'Fri, 08 May 2020 02:24:21 GMT',
37 silly get     'content-type': 'application/json; charset=UTF-8',
37 silly get     'transfer-encoding': 'chunked',
37 silly get     connection: 'keep-alive',
37 silly get     'set-cookie':
37 silly get      [ '__cfduid=d4ef8959a4780e7ab4fdf427df4171a791588904661; expires=Sun, 07-Jun-20 02:24:21 GMT; path=/; domain=.npmjs.org; HttpOnly; SameSite=Lax' ],
37 silly get     'cf-ray': '58ffb9584a4bf734-GRU',
37 silly get     age: '1936',
37 silly get     'cache-control': 'public, max-age=300',
37 silly get     etag: 'W/"6fd740ecd769ffa78b614cc855e971a5"',
37 silly get     'last-modified': 'Sun, 27 May 2018 01:25:48 GMT',
37 silly get     vary: 'accept-encoding, accept',
37 silly get     'cf-cache-status': 'HIT',
37 silly get     'expect-ct': 'max-age=604800, report-uri="https://report-uri.cloudflare.com/cdn-cgi/beacon/expect-ct"',
37 silly get     server: 'cloudflare',
37 silly get     'content-encoding': 'gzip',
37 silly get     'cf-request-id': '0293b22b2e0000f734b0ad4200000001' } ]
38 verbose get saving g to /home/naere/.npm/registry.npmjs.org/g/.cache.json
39 http 200 https://registry.npmjs.org/mocha
40 verbose headers { date: 'Fri, 08 May 2020 02:24:21 GMT',
40 verbose headers   'content-type': 'application/json',
40 verbose headers   'transfer-encoding': 'chunked',
40 verbose headers   connection: 'keep-alive',
40 verbose headers   'set-cookie':
40 verbose headers    [ '__cfduid=d2cffaac465323f1b60371572c7fccd881588904661; expires=Sun, 07-Jun-20 02:24:21 GMT; path=/; domain=.npmjs.org; HttpOnly; SameSite=Lax' ],
40 verbose headers   'cf-ray': '58ffb9584f77f730-GRU',
40 verbose headers   age: '3077',
40 verbose headers   'cache-control': 'public, max-age=300',
40 verbose headers   etag: 'W/"f751010653726cb8dee71f56e0667682"',
40 verbose headers   'last-modified': 'Sun, 26 Apr 2020 06:14:54 GMT',
40 verbose headers   vary: 'accept-encoding, accept',
40 verbose headers   'cf-cache-status': 'HIT',
40 verbose headers   'expect-ct': 'max-age=604800, report-uri="https://report-uri.cloudflare.com/cdn-cgi/beacon/expect-ct"',
40 verbose headers   server: 'cloudflare',
40 verbose headers   'content-encoding': 'gzip',
40 verbose headers   'cf-request-id': '0293b22b2b0000f730cf1da200000001' }
41 silly get cb [ 200,
41 silly get   { date: 'Fri, 08 May 2020 02:24:21 GMT',
41 silly get     'content-type': 'application/json',
41 silly get     'transfer-encoding': 'chunked',
41 silly get     connection: 'keep-alive',
41 silly get     'set-cookie':
41 silly get      [ '__cfduid=d2cffaac465323f1b60371572c7fccd881588904661; expires=Sun, 07-Jun-20 02:24:21 GMT; path=/; domain=.npmjs.org; HttpOnly; SameSite=Lax' ],
41 silly get     'cf-ray': '58ffb9584f77f730-GRU',
41 silly get     age: '3077',
41 silly get     'cache-control': 'public, max-age=300',
41 silly get     etag: 'W/"f751010653726cb8dee71f56e0667682"',
41 silly get     'last-modified': 'Sun, 26 Apr 2020 06:14:54 GMT',
41 silly get     vary: 'accept-encoding, accept',
41 silly get     'cf-cache-status': 'HIT',
41 silly get     'expect-ct': 'max-age=604800, report-uri="https://report-uri.cloudflare.com/cdn-cgi/beacon/expect-ct"',
41 silly get     server: 'cloudflare',
41 silly get     'content-encoding': 'gzip',
41 silly get     'cf-request-id': '0293b22b2b0000f730cf1da200000001' } ]
42 verbose get saving mocha to /home/naere/.npm/registry.npmjs.org/mocha/.cache.json
43 silly rollbackFailedOptional Starting
44 silly rollbackFailedOptional Finishing
45 silly runTopLevelLifecycles Starting
46 silly runTopLevelLifecycles Finishing
47 silly install printInstalled
48 verbose stack Error: ENOENT: no such file or directory, open '/home/naere/Área de Trabalho/lab/SAP004-data-lovers/src/-'
49 verbose cwd /home/naere/Área de Trabalho/lab/SAP004-data-lovers/src
50 error Linux 5.3.0-51-generic
51 error argv "/usr/bin/node" "/usr/bin/npm" "i" "-" "g" "mocha"
52 error node v8.10.0
53 error npm  v3.5.2
54 error path /home/naere/Área de Trabalho/lab/SAP004-data-lovers/src/-
55 error code ENOENT
56 error errno -2
57 error syscall open
58 error enoent ENOENT: no such file or directory, open '/home/naere/Área de Trabalho/lab/SAP004-data-lovers/src/-'
59 error enoent ENOENT: no such file or directory, open '/home/naere/Área de Trabalho/lab/SAP004-data-lovers/src/-'
59 error enoent This is most likely not a problem with npm itself
59 error enoent and is related to npm not being able to find a file.
60 verbose exit [ -2, true ]
